[debug] [2025-05-05T17:11:56.634Z] ----------------------------------------------------------------------
[debug] [2025-05-05T17:11:56.637Z] Command:       /home/maaz/.nvm/versions/node/v22.15.0/bin/node /home/maaz/.local/share/pnpm/global/5/.pnpm/firebase-tools@14.2.2_encoding@0.1.13/node_modules/firebase-tools/lib/bin/firebase.js init
[debug] [2025-05-05T17:11:56.638Z] CLI Version:   14.2.2
[debug] [2025-05-05T17:11:56.638Z] Platform:      linux
[debug] [2025-05-05T17:11:56.638Z] Node Version:  v22.15.0
[debug] [2025-05-05T17:11:56.638Z] Time:          Mon May 05 2025 22:11:56 GMT+0500 (Pakistan Standard Time)
[debug] [2025-05-05T17:11:56.639Z] ----------------------------------------------------------------------
[debug] 
[debug] [2025-05-05T17:11:56.644Z] > command requires scopes: ["email","openid","https://www.googleapis.com/auth/cloudplatformprojects.readonly","https://www.googleapis.com/auth/firebase","https://www.googleapis.com/auth/cloud-platform"]
[debug] [2025-05-05T17:11:56.644Z] > authorizing via signed-in user (i221388@nu.edu.pk)
[info] 
     ######## #### ########  ######## ########     ###     ######  ########
     ##        ##  ##     ## ##       ##     ##  ##   ##  ##       ##
     ######    ##  ########  ######   ########  #########  ######  ######
     ##        ##  ##    ##  ##       ##     ## ##     ##       ## ##
     ##       #### ##     ## ######## ########  ##     ##  ######  ########

You're about to initialize a Firebase project in this directory:

  /home/maaz/Desktop/eleven_labs/eleven-labs

[info] 
=== Project Setup
[info] 
[info] First, let's associate this project directory with a Firebase project.
[info] You can create multiple project aliases by running firebase use --add, 
[info] but for now we'll just set up a default project.
[info] 
[debug] [2025-05-05T17:12:10.951Z] Checked if tokens are valid: true, expires at: 1746468240140
[debug] [2025-05-05T17:12:10.951Z] Checked if tokens are valid: true, expires at: 1746468240140
[debug] [2025-05-05T17:12:10.956Z] >>> [apiv2][query] GET https://firebase.googleapis.com/v1beta1/projects pageSize=100
[debug] [2025-05-05T17:12:12.091Z] <<< [apiv2][status] GET https://firebase.googleapis.com/v1beta1/projects 200
[debug] [2025-05-05T17:12:12.092Z] <<< [apiv2][body] GET https://firebase.googleapis.com/v1beta1/projects [omitted]
[info] i  Using project module-2de9e (module) 
[info] 
=== Dataconnect Setup
[debug] [2025-05-05T17:12:13.028Z] Checked if tokens are valid: true, expires at: 1746468240140
[debug] [2025-05-05T17:12:13.028Z] Checked if tokens are valid: true, expires at: 1746468240140
[debug] [2025-05-05T17:12:13.029Z] >>> [apiv2][query] GET https://cloudbilling.googleapis.com/v1/projects/module-2de9e/billingInfo [none]
[debug] [2025-05-05T17:12:13.717Z] <<< [apiv2][status] GET https://cloudbilling.googleapis.com/v1/projects/module-2de9e/billingInfo 200
[debug] [2025-05-05T17:12:13.718Z] <<< [apiv2][body] GET https://cloudbilling.googleapis.com/v1/projects/module-2de9e/billingInfo {"name":"projects/module-2de9e/billingInfo","projectId":"module-2de9e","billingAccountName":"","billingEnabled":false}
[info] i  dataconnect: ensuring required API sqladmin.googleapis.com is enabled... 
[debug] [2025-05-05T17:12:13.721Z] Checked if tokens are valid: true, expires at: 1746468240140
[debug] [2025-05-05T17:12:13.722Z] Checked if tokens are valid: true, expires at: 1746468240140
[debug] [2025-05-05T17:12:13.722Z] >>> [apiv2][query] GET https://serviceusage.googleapis.com/v1/projects/module-2de9e/services/sqladmin.googleapis.com [none]
[debug] [2025-05-05T17:12:13.722Z] >>> [apiv2][(partial)header] GET https://serviceusage.googleapis.com/v1/projects/module-2de9e/services/sqladmin.googleapis.com x-goog-quota-user=projects/module-2de9e
[debug] [2025-05-05T17:12:15.762Z] <<< [apiv2][status] GET https://serviceusage.googleapis.com/v1/projects/module-2de9e/services/sqladmin.googleapis.com 200
[debug] [2025-05-05T17:12:15.763Z] <<< [apiv2][body] GET https://serviceusage.googleapis.com/v1/projects/module-2de9e/services/sqladmin.googleapis.com [omitted]
[info] ✔  dataconnect: required API sqladmin.googleapis.com is enabled 
[info] ✔  Wrote dataconnect/dataconnect.yaml 
[info] ✔  Wrote dataconnect/schema/schema.gql 
[info] ✔  Wrote dataconnect/connector/connector.yaml 
[info] ✔  Wrote dataconnect/connector/queries.gql 
[info] ✔  Wrote dataconnect/connector/mutations.gql 
[info] ✔  Detected WEB app in directory /home/maaz/Desktop/eleven_labs/eleven-labs 
[info] i  Detected react app. Enabling react generated SDKs. 
[info] i  Writing your new SDK configuration to /home/maaz/Desktop/eleven_labs/eleven-labs/dataconnect/connector/connector.yaml 
[info] ✔  Wrote dataconnect/connector/connector.yaml 
[info] i  dataconnect: downloading dataconnect-emulator-2.4.0... {"metadata":{"emulator":{"name":"dataconnect"},"message":"downloading dataconnect-emulator-2.4.0..."}}
[debug] [2025-05-05T17:13:03.655Z] >>> [apiv2][query] GET https://storage.googleapis.com/firemat-preview-drop/emulator/dataconnect-emulator-linux-v2.4.0 
[debug] [2025-05-05T17:13:04.297Z] <<< [apiv2][status] GET https://storage.googleapis.com/firemat-preview-drop/emulator/dataconnect-emulator-linux-v2.4.0 200
[debug] [2025-05-05T17:13:04.297Z] <<< [apiv2][body] GET https://storage.googleapis.com/firemat-preview-drop/emulator/dataconnect-emulator-linux-v2.4.0 [stream]
[debug] [2025-05-05T17:13:14.577Z] defaultcredentials: writing to file /home/maaz/.config/firebase/i221388_nu_edu.pk_application_default_credentials.json
[debug] [2025-05-05T17:13:14.580Z] Setting GAC to /home/maaz/.config/firebase/i221388_nu_edu.pk_application_default_credentials.json {"metadata":{"emulator":{"name":"dataconnect"},"message":"Setting GAC to /home/maaz/.config/firebase/i221388_nu_edu.pk_application_default_credentials.json"}}
[info] I0505 22:13:14.629290   38307 codegen.go:82] [connector "default" javascriptSdk] Generating sources into "/home/maaz/Desktop/eleven_labs/eleven-labs/dataconnect-generated/js/default-connector"
I0505 22:13:14.640192   38307 generate.go:40] Generated all sources. Writing them to disk...
I0505 22:13:14.641754   38307 collector.go:107] connector "default" javascriptSdk wrote into "/home/maaz/Desktop/eleven_labs/eleven-labs/dataconnect-generated/js/default-connector"
Generated sources: esm/package.json [17B] index.cjs.js [149B] package.json [860B] react/esm/package.json [17B] react/README.md [5417B] index.d.ts [246B] esm/index.esm.js [114B] react/package.json [468B] react/index.cjs.js [0B] react/esm/index.esm.js [0B] README.md [2774B] react/index.d.ts [228B] 
I0505 22:13:14.642763   38307 installsdk.go:80] Running command: /home/maaz/.nvm/versions/node/v22.15.0/bin/pnpm link ./dataconnect-generated/js/default-connector

[info] i  Generated SDK code for default 
[info] i  Visit https://firebase.google.com/docs/data-connect/web-sdk#react for more information on how to set up React Generated SDKs for Firebase Data Connect 
[info] ✔  If you'd like to add more generated SDKs to your app your later, run firebase init dataconnect:sdk again 
[info] i  If you'd like to provision a CloudSQL Postgres instance on the Firebase Data Connect no-cost trial:
1. Please upgrade to the pay-as-you-go (Blaze) billing plan. Visit the following page:
     https://console.firebase.google.com/project/module-2de9e/usage/details
2. Run firebase init dataconnect again to configure the Cloud SQL instance.
3. Run firebase deploy --only dataconnect to deploy your Data Connect service. 
[info] 
=== Firestore Setup
[debug] [2025-05-05T17:13:17.680Z] Checked if tokens are valid: true, expires at: 1746468240140
[debug] [2025-05-05T17:13:17.680Z] Checked if tokens are valid: true, expires at: 1746468240140
[debug] [2025-05-05T17:13:17.680Z] >>> [apiv2][query] GET https://serviceusage.googleapis.com/v1/projects/module-2de9e/services/firestore.googleapis.com [none]
[debug] [2025-05-05T17:13:17.681Z] >>> [apiv2][(partial)header] GET https://serviceusage.googleapis.com/v1/projects/module-2de9e/services/firestore.googleapis.com x-goog-quota-user=projects/module-2de9e
[debug] [2025-05-05T17:13:19.463Z] <<< [apiv2][status] GET https://serviceusage.googleapis.com/v1/projects/module-2de9e/services/firestore.googleapis.com 200
[debug] [2025-05-05T17:13:19.463Z] <<< [apiv2][body] GET https://serviceusage.googleapis.com/v1/projects/module-2de9e/services/firestore.googleapis.com [omitted]
[debug] [2025-05-05T17:13:19.464Z] Checked if tokens are valid: true, expires at: 1746468240140
[debug] [2025-05-05T17:13:19.464Z] Checked if tokens are valid: true, expires at: 1746468240140
[debug] [2025-05-05T17:13:19.464Z] >>> [apiv2][query] GET https://firestore.googleapis.com/v1/projects/module-2de9e/databases/(default) [none]
[debug] [2025-05-05T17:13:21.504Z] <<< [apiv2][status] GET https://firestore.googleapis.com/v1/projects/module-2de9e/databases/(default) 200
[debug] [2025-05-05T17:13:21.504Z] <<< [apiv2][body] GET https://firestore.googleapis.com/v1/projects/module-2de9e/databases/(default) {"name":"projects/module-2de9e/databases/(default)","uid":"8ff102d1-bd61-4247-8186-54920f4612c9","createTime":"2024-06-23T06:55:21.572530Z","updateTime":"2024-06-23T06:55:21.572530Z","locationId":"nam5","type":"FIRESTORE_NATIVE","concurrencyMode":"PESSIMISTIC","versionRetentionPeriod":"3600s","earliestVersionTime":"2025-05-05T16:13:21.320772Z","appEngineIntegrationMode":"DISABLED","keyPrefix":"s","pointInTimeRecoveryEnablement":"POINT_IN_TIME_RECOVERY_DISABLED","deleteProtectionState":"DELETE_PROTECTION_DISABLED","databaseEdition":"STANDARD","freeTier":true,"etag":"IOviv+/pjI0DMKeXybLojI0D"}
[debug] [2025-05-05T17:13:21.505Z] database_type: FIRESTORE_NATIVE
[debug] [2025-05-05T17:13:21.505Z] database_type: FIRESTORE_NATIVE
[debug] [2025-05-05T17:13:21.506Z] > command requires scopes: ["email","openid","https://www.googleapis.com/auth/cloudplatformprojects.readonly","https://www.googleapis.com/auth/firebase","https://www.googleapis.com/auth/cloud-platform"]
[debug] [2025-05-05T17:13:21.506Z] > authorizing via signed-in user (i221388@nu.edu.pk)
[debug] [2025-05-05T17:13:21.506Z] [iam] checking project module-2de9e for permissions ["firebase.projects.get"]
[debug] [2025-05-05T17:13:21.507Z] Checked if tokens are valid: true, expires at: 1746468240140
[debug] [2025-05-05T17:13:21.507Z] Checked if tokens are valid: true, expires at: 1746468240140
[debug] [2025-05-05T17:13:21.508Z] >>> [apiv2][query] POST https://cloudresourcemanager.googleapis.com/v1/projects/module-2de9e:testIamPermissions [none]
[debug] [2025-05-05T17:13:21.508Z] >>> [apiv2][(partial)header] POST https://cloudresourcemanager.googleapis.com/v1/projects/module-2de9e:testIamPermissions x-goog-quota-user=projects/module-2de9e
[debug] [2025-05-05T17:13:21.508Z] >>> [apiv2][body] POST https://cloudresourcemanager.googleapis.com/v1/projects/module-2de9e:testIamPermissions {"permissions":["firebase.projects.get"]}
[debug] [2025-05-05T17:13:23.144Z] <<< [apiv2][status] POST https://cloudresourcemanager.googleapis.com/v1/projects/module-2de9e:testIamPermissions 200
[debug] [2025-05-05T17:13:23.144Z] <<< [apiv2][body] POST https://cloudresourcemanager.googleapis.com/v1/projects/module-2de9e:testIamPermissions {"permissions":["firebase.projects.get"]}
[info] 
[info] Firestore Security Rules allow you to define how and when to allow
[info] requests. You can keep these rules in your project directory
[info] and publish them with firebase deploy.
[info] 
[debug] [2025-05-05T17:13:45.673Z] Checked if tokens are valid: true, expires at: 1746468240140
[debug] [2025-05-05T17:13:45.673Z] Checked if tokens are valid: true, expires at: 1746468240140
[debug] [2025-05-05T17:13:45.674Z] >>> [apiv2][query] GET https://firebaserules.googleapis.com/v1/projects/module-2de9e/releases pageSize=10&pageToken=
[debug] [2025-05-05T17:13:46.593Z] <<< [apiv2][status] GET https://firebaserules.googleapis.com/v1/projects/module-2de9e/releases 200
[debug] [2025-05-05T17:13:46.594Z] <<< [apiv2][body] GET https://firebaserules.googleapis.com/v1/projects/module-2de9e/releases {"releases":[{"name":"projects/module-2de9e/releases/cloud.firestore","rulesetName":"projects/module-2de9e/rulesets/e21ab50d-f433-48f2-8def-68c6c6c051df","createTime":"2024-06-23T06:55:27.548249Z","updateTime":"2024-06-23T06:55:27.548249Z"}]}
[debug] [2025-05-05T17:13:46.594Z] Found ruleset: projects/module-2de9e/rulesets/e21ab50d-f433-48f2-8def-68c6c6c051df
[debug] [2025-05-05T17:13:46.595Z] Checked if tokens are valid: true, expires at: 1746468240140
[debug] [2025-05-05T17:13:46.595Z] Checked if tokens are valid: true, expires at: 1746468240140
[debug] [2025-05-05T17:13:46.595Z] >>> [apiv2][query] GET https://firebaserules.googleapis.com/v1/projects/module-2de9e/rulesets/e21ab50d-f433-48f2-8def-68c6c6c051df [none]
[debug] [2025-05-05T17:13:47.517Z] <<< [apiv2][status] GET https://firebaserules.googleapis.com/v1/projects/module-2de9e/rulesets/e21ab50d-f433-48f2-8def-68c6c6c051df 200
[debug] [2025-05-05T17:13:47.518Z] <<< [apiv2][body] GET https://firebaserules.googleapis.com/v1/projects/module-2de9e/rulesets/e21ab50d-f433-48f2-8def-68c6c6c051df [omitted]
[info] 
[info] Firestore indexes allow you to perform complex queries while
[info] maintaining performance that scales with the size of the result
[info] set. You can keep index definitions in your project directory
[info] and publish them with firebase deploy.
[info] 
[debug] [2025-05-05T17:13:49.500Z] Checked if tokens are valid: true, expires at: 1746468240140
[debug] [2025-05-05T17:13:49.501Z] Checked if tokens are valid: true, expires at: 1746468240140
[debug] [2025-05-05T17:13:49.501Z] Checked if tokens are valid: true, expires at: 1746468240140
[debug] [2025-05-05T17:13:49.502Z] Checked if tokens are valid: true, expires at: 1746468240140
[debug] [2025-05-05T17:13:49.503Z] >>> [apiv2][query] GET https://firestore.googleapis.com/v1/projects/module-2de9e/databases/(default)/collectionGroups/-/indexes [none]
[debug] [2025-05-05T17:13:49.512Z] >>> [apiv2][query] GET https://firestore.googleapis.com/v1/projects/module-2de9e/databases/(default)/collectionGroups/-/fields?filter=indexConfig.usesAncestorConfig=false OR ttlConfig:* [none]
[debug] [2025-05-05T17:13:51.086Z] <<< [apiv2][status] GET https://firestore.googleapis.com/v1/projects/module-2de9e/databases/(default)/collectionGroups/-/indexes 200
[debug] [2025-05-05T17:13:51.086Z] <<< [apiv2][body] GET https://firestore.googleapis.com/v1/projects/module-2de9e/databases/(default)/collectionGroups/-/indexes {}
[debug] [2025-05-05T17:13:51.150Z] <<< [apiv2][status] GET https://firestore.googleapis.com/v1/projects/module-2de9e/databases/(default)/collectionGroups/-/fields?filter=indexConfig.usesAncestorConfig=false OR ttlConfig:* 200
[debug] [2025-05-05T17:13:51.150Z] <<< [apiv2][body] GET https://firestore.googleapis.com/v1/projects/module-2de9e/databases/(default)/collectionGroups/-/fields?filter=indexConfig.usesAncestorConfig=false OR ttlConfig:* {"fields":[{"name":"projects/module-2de9e/databases/(default)/collectionGroups/__default__/fields/*","indexConfig":{"indexes":[{"queryScope":"COLLECTION","fields":[{"fieldPath":"*","order":"ASCENDING"}],"state":"READY"},{"queryScope":"COLLECTION","fields":[{"fieldPath":"*","order":"DESCENDING"}],"state":"READY"},{"queryScope":"COLLECTION","fields":[{"fieldPath":"*","arrayConfig":"CONTAINS"}],"state":"READY"}]}}]}
[info] 
=== Genkit Setup
[debug] [2025-05-05T17:14:02.366Z] > command requires scopes: ["email","openid","https://www.googleapis.com/auth/cloudplatformprojects.readonly","https://www.googleapis.com/auth/firebase","https://www.googleapis.com/auth/cloud-platform"]
[debug] [2025-05-05T17:14:02.367Z] > authorizing via signed-in user (i221388@nu.edu.pk)
[debug] [2025-05-05T17:14:02.367Z] [iam] checking project module-2de9e for permissions ["firebase.projects.get"]
[debug] [2025-05-05T17:14:02.368Z] Checked if tokens are valid: true, expires at: 1746468240140
[debug] [2025-05-05T17:14:02.368Z] Checked if tokens are valid: true, expires at: 1746468240140
[debug] [2025-05-05T17:14:02.368Z] >>> [apiv2][query] POST https://cloudresourcemanager.googleapis.com/v1/projects/module-2de9e:testIamPermissions [none]
[debug] [2025-05-05T17:14:02.369Z] >>> [apiv2][(partial)header] POST https://cloudresourcemanager.googleapis.com/v1/projects/module-2de9e:testIamPermissions x-goog-quota-user=projects/module-2de9e
[debug] [2025-05-05T17:14:02.369Z] >>> [apiv2][body] POST https://cloudresourcemanager.googleapis.com/v1/projects/module-2de9e:testIamPermissions {"permissions":["firebase.projects.get"]}
[debug] [2025-05-05T17:14:04.001Z] <<< [apiv2][status] POST https://cloudresourcemanager.googleapis.com/v1/projects/module-2de9e:testIamPermissions 200
[debug] [2025-05-05T17:14:04.001Z] <<< [apiv2][body] POST https://cloudresourcemanager.googleapis.com/v1/projects/module-2de9e:testIamPermissions {"permissions":["firebase.projects.get"]}
[debug] [2025-05-05T17:14:04.002Z] Checked if tokens are valid: true, expires at: 1746468240140
[debug] [2025-05-05T17:14:04.002Z] Checked if tokens are valid: true, expires at: 1746468240140
[debug] [2025-05-05T17:14:04.003Z] Checked if tokens are valid: true, expires at: 1746468240140
[debug] [2025-05-05T17:14:04.003Z] Checked if tokens are valid: true, expires at: 1746468240140
[debug] [2025-05-05T17:14:04.003Z] >>> [apiv2][query] GET https://serviceusage.googleapis.com/v1/projects/module-2de9e/services/cloudfunctions.googleapis.com [none]
[debug] [2025-05-05T17:14:04.004Z] >>> [apiv2][(partial)header] GET https://serviceusage.googleapis.com/v1/projects/module-2de9e/services/cloudfunctions.googleapis.com x-goog-quota-user=projects/module-2de9e
[debug] [2025-05-05T17:14:04.008Z] >>> [apiv2][query] GET https://serviceusage.googleapis.com/v1/projects/module-2de9e/services/runtimeconfig.googleapis.com [none]
[debug] [2025-05-05T17:14:04.009Z] >>> [apiv2][(partial)header] GET https://serviceusage.googleapis.com/v1/projects/module-2de9e/services/runtimeconfig.googleapis.com x-goog-quota-user=projects/module-2de9e
[debug] [2025-05-05T17:14:05.845Z] <<< [apiv2][status] GET https://serviceusage.googleapis.com/v1/projects/module-2de9e/services/runtimeconfig.googleapis.com 200
[debug] [2025-05-05T17:14:05.845Z] <<< [apiv2][body] GET https://serviceusage.googleapis.com/v1/projects/module-2de9e/services/runtimeconfig.googleapis.com [omitted]
[debug] [2025-05-05T17:14:05.850Z] <<< [apiv2][status] GET https://serviceusage.googleapis.com/v1/projects/module-2de9e/services/cloudfunctions.googleapis.com 200
[debug] [2025-05-05T17:14:05.850Z] <<< [apiv2][body] GET https://serviceusage.googleapis.com/v1/projects/module-2de9e/services/cloudfunctions.googleapis.com [omitted]
[info] Let's create a new codebase for your functions.
[info] A directory corresponding to the codebase will be created in your project
[info] with sample code pre-configured.

[info] See https://firebase.google.com/docs/functions/organize-functions for
[info] more information on organizing your functions using codebases.

[info] Functions can be deployed with firebase deploy.

[info] ✔  Wrote functions/package.json 
[info] ✔  Wrote functions/.eslintrc.js 
[info] ✔  Wrote functions/tsconfig.json 
[info] ✔  Wrote functions/tsconfig.dev.json 
[info] ✔  Wrote functions/src/index.ts 
[info] ✔  Wrote functions/.gitignore 
[info] 
[info] i  genkit: Installing Genkit CLI version 1.7.0
 
[info] i  genkit: Installing NPM packages for genkit 
[info] ✔  genkit: Successfully installed NPM packages 
[info] i  genkit: Updating tsconfig.json 
[info] ✔  genkit: Successfully updated tsconfig.json 
[info] i  genkit: Updating package.json 
[info] ✔  genkit: Successfully updated package.json 
[info] i  genkit: Generating sample file 
[info] ✔  genkit: Successfully generated sample file (src/genkit-sample.ts) 
[info] 
[info] 
Login to Google Cloud using:
[info]     gcloud auth application-default login --project module-2de9e

[info] Then start the Genkit developer experience by running:
[info]     cd functions && npm run genkit:start
[info] 
=== Functions Setup
[debug] [2025-05-05T17:17:40.901Z] > command requires scopes: ["email","openid","https://www.googleapis.com/auth/cloudplatformprojects.readonly","https://www.googleapis.com/auth/firebase","https://www.googleapis.com/auth/cloud-platform"]
[debug] [2025-05-05T17:17:40.901Z] > authorizing via signed-in user (i221388@nu.edu.pk)
[debug] [2025-05-05T17:17:40.902Z] [iam] checking project module-2de9e for permissions ["firebase.projects.get"]
[debug] [2025-05-05T17:17:40.902Z] Checked if tokens are valid: true, expires at: 1746468240140
[debug] [2025-05-05T17:17:40.902Z] Checked if tokens are valid: true, expires at: 1746468240140
[debug] [2025-05-05T17:17:40.903Z] >>> [apiv2][query] POST https://cloudresourcemanager.googleapis.com/v1/projects/module-2de9e:testIamPermissions [none]
[debug] [2025-05-05T17:17:40.903Z] >>> [apiv2][(partial)header] POST https://cloudresourcemanager.googleapis.com/v1/projects/module-2de9e:testIamPermissions x-goog-quota-user=projects/module-2de9e
[debug] [2025-05-05T17:17:40.903Z] >>> [apiv2][body] POST https://cloudresourcemanager.googleapis.com/v1/projects/module-2de9e:testIamPermissions {"permissions":["firebase.projects.get"]}
[debug] [2025-05-05T17:17:42.533Z] <<< [apiv2][status] POST https://cloudresourcemanager.googleapis.com/v1/projects/module-2de9e:testIamPermissions 200
[debug] [2025-05-05T17:17:42.533Z] <<< [apiv2][body] POST https://cloudresourcemanager.googleapis.com/v1/projects/module-2de9e:testIamPermissions {"permissions":["firebase.projects.get"]}
[debug] [2025-05-05T17:17:42.534Z] Checked if tokens are valid: true, expires at: 1746468240140
[debug] [2025-05-05T17:17:42.534Z] Checked if tokens are valid: true, expires at: 1746468240140
[debug] [2025-05-05T17:17:42.534Z] Checked if tokens are valid: true, expires at: 1746468240140
[debug] [2025-05-05T17:17:42.534Z] Checked if tokens are valid: true, expires at: 1746468240140
[debug] [2025-05-05T17:17:42.534Z] >>> [apiv2][query] GET https://serviceusage.googleapis.com/v1/projects/module-2de9e/services/cloudfunctions.googleapis.com [none]
[debug] [2025-05-05T17:17:42.534Z] >>> [apiv2][(partial)header] GET https://serviceusage.googleapis.com/v1/projects/module-2de9e/services/cloudfunctions.googleapis.com x-goog-quota-user=projects/module-2de9e
[debug] [2025-05-05T17:17:42.539Z] >>> [apiv2][query] GET https://serviceusage.googleapis.com/v1/projects/module-2de9e/services/runtimeconfig.googleapis.com [none]
[debug] [2025-05-05T17:17:42.539Z] >>> [apiv2][(partial)header] GET https://serviceusage.googleapis.com/v1/projects/module-2de9e/services/runtimeconfig.googleapis.com x-goog-quota-user=projects/module-2de9e
[debug] [2025-05-05T17:17:44.664Z] <<< [apiv2][status] GET https://serviceusage.googleapis.com/v1/projects/module-2de9e/services/runtimeconfig.googleapis.com 200
[debug] [2025-05-05T17:17:44.664Z] <<< [apiv2][body] GET https://serviceusage.googleapis.com/v1/projects/module-2de9e/services/runtimeconfig.googleapis.com [omitted]
[debug] [2025-05-05T17:17:44.670Z] <<< [apiv2][status] GET https://serviceusage.googleapis.com/v1/projects/module-2de9e/services/cloudfunctions.googleapis.com 200
[debug] [2025-05-05T17:17:44.670Z] <<< [apiv2][body] GET https://serviceusage.googleapis.com/v1/projects/module-2de9e/services/cloudfunctions.googleapis.com [omitted]
[info] 
Detected existing codebase(s): default

[info] Let's create a new codebase for your functions.
[info] A directory corresponding to the codebase will be created in your project
[info] with sample code pre-configured.

[info] See https://firebase.google.com/docs/functions/organize-functions for
[info] more information on organizing your functions using codebases.

[info] Functions can be deployed with firebase deploy.

[info] ✔  Wrote cheetha/package.json 
[info] ✔  Wrote cheetha/.eslintrc.js 
[info] ✔  Wrote cheetha/tsconfig.json 
[info] ✔  Wrote cheetha/tsconfig.dev.json 
[info] ✔  Wrote cheetha/src/index.ts 
[info] ✔  Wrote cheetha/.gitignore 
